<?xml version="1.0" encoding="UTF-8"?>
<!-- Generated by org.testng.reporters.JUnitReportReporter -->
<testsuite skipped="0" hostname="Susmi" name="com.spicejet.testcases.LoginPageTest" tests="3" failures="0" timestamp="27 Sep 2020 17:26:24 GMT" time="128.638" errors="0">
  <testcase name="loginTest" time="62.648" classname="com.spicejet.testcases.LoginPageTest"/>
  <testcase name="spicejetLogoTest" time="36.372" classname="com.spicejet.testcases.LoginPageTest"/>
  <testcase name="loginPageTitleTest" time="29.618" classname="com.spicejet.testcases.LoginPageTest"/>
</testsuite> <!-- com.spicejet.testcases.LoginPageTest -->
