<?xml version="1.0" encoding="UTF-8"?>
<!-- Generated by org.testng.reporters.JUnitReportReporter -->
<testsuite skipped="0" hostname="Susmi" name="com.spicejet.testcases.PassengerlistPageTest" tests="4" failures="0" timestamp="28 Sep 2020 18:24:20 GMT" time="397.727" errors="0">
  <testcase name="validateCrateNewPassenger" time="115.943" classname="com.spicejet.testcases.PassengerlistPageTest"/>
  <testcase name="validateCrateNewPassenger" time="146.478" classname="com.spicejet.testcases.PassengerlistPageTest"/>
  <testcase name="clickOnAddPasserlistLink" time="66.286" classname="com.spicejet.testcases.PassengerlistPageTest"/>
  <testcase name="PassengerlistPageTestTitleTest" time="69.020" classname="com.spicejet.testcases.PassengerlistPageTest"/>
</testsuite> <!-- com.spicejet.testcases.PassengerlistPageTest -->
